<?xml version="1.0" encoding="UTF-8"?>
<!-- Generated by org.testng.reporters.JUnitXMLReporter -->
<testsuite hostname="Bapi_Vaio" tests="8" failures="0" timestamp="3 Feb 2019 08:26:45 GMT" time="2.395" errors="0">
  <testcase name="@BeforeMethod AdminLogin" time="0.0" classname="RoleCreation">
    <failure type="org.openqa.selenium.NoSuchWindowException" message="no such window: target window already closed
from unknown error: web view not found
  (Session info: chrome=72.0.3626.81)
  (Driver info: chromedriver=2.45.615291 (ec3682e3c9061c10f26ea9e5cdcf3c53f3f74387),platform=Windows NT 6.2.9200 x86_64) (WARNING: The server did not provide any stacktrace information)
Command duration or timeout: 0 milliseconds
Build info: version: &amp;apos;3.141.59&amp;apos;, revision: &amp;apos;e82be7d358&amp;apos;, time: &amp;apos;2018-11-14T08:17:03&amp;apos;
System info: host: &amp;apos;BAPI_VAIO&amp;apos;, ip: &amp;apos;192.168.0.6&amp;apos;, os.name: &amp;apos;Windows 8&amp;apos;, os.arch: &amp;apos;amd64&amp;apos;, os.version: &amp;apos;6.2&amp;apos;, java.version: &amp;apos;1.8.0_201&amp;apos;
Driver info: org.openqa.selenium.chrome.ChromeDriver
Capabilities {acceptInsecureCerts: false, acceptSslCerts: false, applicationCacheEnabled: false, browserConnectionEnabled: false, browserName: chrome, chrome: {chromedriverVersion: 2.45.615291 (ec3682e3c9061c..., userDataDir: C:\Users\Bapi\AppData\Local...}, cssSelectorsEnabled: true, databaseEnabled: false, goog:chromeOptions: {debuggerAddress: localhost:50890}, handlesAlerts: true, hasTouchScreen: false, javascriptEnabled: true, locationContextEnabled: true, mobileEmulationEnabled: false, nativeEvents: true, networkConnectionEnabled: false, pageLoadStrategy: normal, platform: XP, platformName: XP, proxy: Proxy(), rotatable: false, setWindowRect: true, strictFileInteractability: false, takesHeapSnapshot: true, takesScreenshot: true, timeouts: {implicit: 0, pageLoad: 300000, script: 30000}, unexpectedAlertBehaviour: ignore, unhandledPromptBehavior: ignore, version: 72.0.3626.81, webStorageEnabled: true}
Session ID: e57877c4e7d6e627aa59c7232b163afe
*** Element info: {Using=name, value=txtuId}">
      <![CDATA[org.openqa.selenium.NoSuchWindowException: no such window: target window already closed
from unknown error: web view not found
  (Session info: chrome=72.0.3626.81)
  (Driver info: chromedriver=2.45.615291 (ec3682e3c9061c10f26ea9e5cdcf3c53f3f74387),platform=Windows NT 6.2.9200 x86_64) (WARNING: The server did not provide any stacktrace information)
Command duration or timeout: 0 milliseconds
Build info: version: '3.141.59', revision: 'e82be7d358', time: '2018-11-14T08:17:03'
System info: host: 'BAPI_VAIO', ip: '192.168.0.6', os.name: 'Windows 8', os.arch: 'amd64', os.version: '6.2', java.version: '1.8.0_201'
Driver info: org.openqa.selenium.chrome.ChromeDriver
Capabilities {acceptInsecureCerts: false, acceptSslCerts: false, applicationCacheEnabled: false, browserConnectionEnabled: false, browserName: chrome, chrome: {chromedriverVersion: 2.45.615291 (ec3682e3c9061c..., userDataDir: C:\Users\Bapi\AppData\Local...}, cssSelectorsEnabled: true, databaseEnabled: false, goog:chromeOptions: {debuggerAddress: localhost:50890}, handlesAlerts: true, hasTouchScreen: false, javascriptEnabled: true, locationContextEnabled: true, mobileEmulationEnabled: false, nativeEvents: true, networkConnectionEnabled: false, pageLoadStrategy: normal, platform: XP, platformName: XP, proxy: Proxy(), rotatable: false, setWindowRect: true, strictFileInteractability: false, takesHeapSnapshot: true, takesScreenshot: true, timeouts: {implicit: 0, pageLoad: 300000, script: 30000}, unexpectedAlertBehaviour: ignore, unhandledPromptBehavior: ignore, version: 72.0.3626.81, webStorageEnabled: true}
Session ID: e57877c4e7d6e627aa59c7232b163afe
*** Element info: {Using=name, value=txtuId}
	at sun.reflect.NativeConstructorAccessorImpl.newInstance0(Native Method)
	at sun.reflect.NativeConstructorAccessorImpl.newInstance(Unknown Source)
	at sun.reflect.DelegatingConstructorAccessorImpl.newInstance(Unknown Source)
	at java.lang.reflect.Constructor.newInstance(Unknown Source)
	at org.openqa.selenium.remote.ErrorHandler.createThrowable(ErrorHandler.java:214)
	at org.openqa.selenium.remote.ErrorHandler.throwIfResponseFailed(ErrorHandler.java:166)
	at org.openqa.selenium.remote.http.JsonHttpResponseCodec.reconstructValue(JsonHttpResponseCodec.java:40)
	at org.openqa.selenium.remote.http.AbstractHttpResponseCodec.decode(AbstractHttpResponseCodec.java:80)
	at org.openqa.selenium.remote.http.AbstractHttpResponseCodec.decode(AbstractHttpResponseCodec.java:44)
	at org.openqa.selenium.remote.HttpCommandExecutor.execute(HttpCommandExecutor.java:158)
	at org.openqa.selenium.remote.service.DriverCommandExecutor.execute(DriverCommandExecutor.java:83)
	at org.openqa.selenium.remote.RemoteWebDriver.execute(RemoteWebDriver.java:552)
	at org.openqa.selenium.remote.RemoteWebDriver.findElement(RemoteWebDriver.java:323)
	at org.openqa.selenium.remote.RemoteWebDriver.findElementByName(RemoteWebDriver.java:404)
	at org.openqa.selenium.By$ByName.findElement(By.java:284)
	at org.openqa.selenium.remote.RemoteWebDriver.findElement(RemoteWebDriver.java:315)
	at RoleCreation.AdminLogin(RoleCreation.java:38)
	at sun.reflect.NativeMethodAccessorImpl.invoke0(Native Method)
	at sun.reflect.NativeMethodAccessorImpl.invoke(Unknown Source)
	at sun.reflect.DelegatingMethodAccessorImpl.invoke(Unknown Source)
	at java.lang.reflect.Method.invoke(Unknown Source)
	at org.testng.internal.MethodInvocationHelper.invokeMethod(MethodInvocationHelper.java:80)
	at org.testng.internal.Invoker.invokeConfigurationMethod(Invoker.java:564)
	at org.testng.internal.Invoker.invokeConfigurations(Invoker.java:213)
	at org.testng.internal.Invoker.invokeMethod(Invoker.java:653)
	at org.testng.internal.Invoker.invokeTestMethod(Invoker.java:901)
	at org.testng.internal.Invoker.invokeTestMethods(Invoker.java:1231)
	at org.testng.internal.TestMethodWorker.invokeTestMethods(TestMethodWorker.java:127)
	at org.testng.internal.TestMethodWorker.run(TestMethodWorker.java:111)
	at org.testng.TestRunner.privateRun(TestRunner.java:767)
	at org.testng.TestRunner.run(TestRunner.java:617)
	at org.testng.SuiteRunner.runTest(SuiteRunner.java:334)
	at org.testng.SuiteRunner.runSequentially(SuiteRunner.java:329)
	at org.testng.SuiteRunner.privateRun(SuiteRunner.java:291)
	at org.testng.SuiteRunner.run(SuiteRunner.java:240)
	at org.testng.SuiteRunnerWorker.runSuite(SuiteRunnerWorker.java:52)
	at org.testng.SuiteRunnerWorker.run(SuiteRunnerWorker.java:86)
	at org.testng.TestNG.runSuitesSequentially(TestNG.java:1198)
	at org.testng.TestNG.runSuitesLocally(TestNG.java:1123)
	at org.testng.TestNG.run(TestNG.java:1031)
	at org.testng.remote.AbstractRemoteTestNG.run(AbstractRemoteTestNG.java:114)
	at org.testng.remote.RemoteTestNG.initAndRun(RemoteTestNG.java:251)
	at org.testng.remote.RemoteTestNG.main(RemoteTestNG.java:77)
]]>
    </failure>
  </testcase> <!-- @BeforeMethod AdminLogin -->
  <testcase name="@AfterMethod Adminlogout" time="0.0" classname="RoleCreation">
    <skipped/>
  </testcase> <!-- @AfterMethod Adminlogout -->
  <testcase name="@BeforeMethod AdminLogin" time="0.0" classname="RoleCreation">
    <skipped/>
  </testcase> <!-- @BeforeMethod AdminLogin -->
  <testcase name="@AfterMethod Adminlogout" time="0.0" classname="RoleCreation">
    <skipped/>
  </testcase> <!-- @AfterMethod Adminlogout -->
  <testcase name="@BeforeMethod AdminLogin" time="0.0" classname="RoleCreation">
    <skipped/>
  </testcase> <!-- @BeforeMethod AdminLogin -->
  <testcase name="@AfterMethod Adminlogout" time="0.0" classname="RoleCreation">
    <skipped/>
  </testcase> <!-- @AfterMethod Adminlogout -->
  <testcase name="@BeforeMethod AdminLogin" time="0.0" classname="RoleCreation">
    <skipped/>
  </testcase> <!-- @BeforeMethod AdminLogin -->
  <testcase name="@AfterMethod Adminlogout" time="0.0" classname="RoleCreation">
    <skipped/>
  </testcase> <!-- @AfterMethod Adminlogout -->
  <testcase name="@BeforeMethod AdminLogin" time="0.0" classname="RoleCreation">
    <skipped/>
  </testcase> <!-- @BeforeMethod AdminLogin -->
  <testcase name="@AfterMethod Adminlogout" time="0.0" classname="RoleCreation">
    <skipped/>
  </testcase> <!-- @AfterMethod Adminlogout -->
  <testcase name="@BeforeMethod AdminLogin" time="0.0" classname="RoleCreation">
    <skipped/>
  </testcase> <!-- @BeforeMethod AdminLogin -->
  <testcase name="@AfterMethod Adminlogout" time="0.0" classname="RoleCreation">
    <skipped/>
  </testcase> <!-- @AfterMethod Adminlogout -->
  <testcase name="@BeforeMethod AdminLogin" time="0.0" classname="RoleCreation">
    <skipped/>
  </testcase> <!-- @BeforeMethod AdminLogin -->
  <testcase name="@AfterMethod Adminlogout" time="0.0" classname="RoleCreation">
    <skipped/>
  </testcase> <!-- @AfterMethod Adminlogout -->
  <testcase name="@BeforeMethod AdminLogin" time="0.0" classname="RoleCreation">
    <skipped/>
  </testcase> <!-- @BeforeMethod AdminLogin -->
  <testcase name="@AfterMethod Adminlogout" time="0.0" classname="RoleCreation">
    <skipped/>
  </testcase> <!-- @AfterMethod Adminlogout -->
  <testcase name="RoleCreation" time="0.006" classname="RoleCreation">
    <skipped/>
  </testcase> <!-- RoleCreation -->
  <testcase name="RoleCreation" time="0.004" classname="RoleCreation">
    <skipped/>
  </testcase> <!-- RoleCreation -->
  <testcase name="RoleCreation" time="0.005" classname="RoleCreation">
    <skipped/>
  </testcase> <!-- RoleCreation -->
  <testcase name="RoleCreation" time="0.002" classname="RoleCreation">
    <skipped/>
  </testcase> <!-- RoleCreation -->
  <testcase name="RoleCreation" time="0.007" classname="RoleCreation">
    <skipped/>
  </testcase> <!-- RoleCreation -->
  <testcase name="RoleCreation" time="0.001" classname="RoleCreation">
    <skipped/>
  </testcase> <!-- RoleCreation -->
  <testcase name="RoleCreation" time="0.002" classname="RoleCreation">
    <skipped/>
  </testcase> <!-- RoleCreation -->
  <testcase name="RoleCreation" time="0.001" classname="RoleCreation">
    <skipped/>
  </testcase> <!-- RoleCreation -->
</testsuite>
